-------------------------------------------------------------------------------
Test set: User should be able to login with valid credentials
-------------------------------------------------------------------------------
Tests run: 3, Failures: 0, Errors: 3, Skipped: 0, Time elapsed: 20.628 s <<< FAILURE! - in User should be able to login with valid credentials
User should be able to login with valid credentials.Login scenario with 1 param  Time elapsed: 9.097 s  <<< ERROR!
java.lang.NullPointerException: null value in entry: url=null

User should be able to login with valid credentials.Login scenario with 2 params  Time elapsed: 5.517 s  <<< ERROR!
java.lang.NullPointerException: null value in entry: url=null

User should be able to login with valid credentials.Login scenario with data table  Time elapsed: 6.012 s  <<< ERROR!
java.lang.NullPointerException: null value in entry: url=null

