-------------------------------------------------------------------------------
Test set: Web table user order feature
-------------------------------------------------------------------------------
Tests run: 13, Failures: 0, Errors: 13, Skipped: 0, Time elapsed: 70.909 s <<< FAILURE! - in Web table user order feature
Web table user order feature.User should be able to place order and order seen in web table  Time elapsed: 5.828 s  <<< ERROR!
java.lang.NullPointerException: null value in entry: url=null

Web table user order feature.User should be able to place order and order seen in web table with using DDT #1  Time elapsed: 5.919 s  <<< ERROR!
java.lang.NullPointerException: null value in entry: url=null

Web table user order feature.User should be able to place order and order seen in web table with using DDT #2  Time elapsed: 5.397 s  <<< ERROR!
java.lang.NullPointerException: null value in entry: url=null

Web table user order feature.User should be able to place order and order seen in web table with using DDT #3  Time elapsed: 5.707 s  <<< ERROR!
java.lang.NullPointerException: null value in entry: url=null

Web table user order feature.User should be able to place order and order seen in web table with using DDT #4  Time elapsed: 5.281 s  <<< ERROR!
java.lang.NullPointerException: null value in entry: url=null

Web table user order feature.User should be able to place order and order seen in web table with using DDT #5  Time elapsed: 5.39 s  <<< ERROR!
java.lang.NullPointerException: null value in entry: url=null

Web table user order feature.User should be able to place order and order seen in web table with using DDT #6  Time elapsed: 5.417 s  <<< ERROR!
java.lang.NullPointerException: null value in entry: url=null

Web table user order feature.User should be able to place order and order seen in web table with using DDT #7  Time elapsed: 5.478 s  <<< ERROR!
java.lang.NullPointerException: null value in entry: url=null

Web table user order feature.User should be able to place order and order seen in web table with using DDT #8  Time elapsed: 5.287 s  <<< ERROR!
java.lang.NullPointerException: null value in entry: url=null

Web table user order feature.User should be able to place order and order seen in web table with using DDT #9  Time elapsed: 5.31 s  <<< ERROR!
java.lang.NullPointerException: null value in entry: url=null

Web table user order feature.User should be able to place order and order seen in web table with using DDT #10  Time elapsed: 5.347 s  <<< ERROR!
java.lang.NullPointerException: null value in entry: url=null

Web table user order feature.User should be able to place order and order seen in web table with using DDT #11  Time elapsed: 5.221 s  <<< ERROR!
java.lang.NullPointerException: null value in entry: url=null

Web table user order feature.User should be able to place order and order seen in web table with using DDT #12  Time elapsed: 5.324 s  <<< ERROR!
java.lang.NullPointerException: null value in entry: url=null

